Grammar

    0 $accept: program $end

    1 program: stmt_list
    2        | error

    3 stmt_list: stmt_list stmt
    4          | stmt

    5 stmt: expr ';'
    6     | PRINT expr ';'
    7     | PRINT STRING ';'
    8     | PRINT NEWLINE ';'

    9 expr: '(' expr ')'
   10     | expr '+' expr
   11     | expr '-' expr
   12     | expr '*' expr
   13     | expr '/' expr
   14     | '-' expr
   15     | INT


Terminals, with rules where they appear

$end (0) 0
'(' (40) 9
')' (41) 9
'*' (42) 12
'+' (43) 10
'-' (45) 11 14
'/' (47) 13
';' (59) 5 6 7 8
error (256) 2
PRINT (258) 6 7 8
NEWLINE (259) 8
STRING (260) 7
INT (261) 15
UMINUS (262)


Nonterminals, with rules where they appear

$accept (15)
    on left: 0
program (16)
    on left: 1 2, on right: 0
stmt_list (17)
    on left: 3 4, on right: 1 3
stmt (18)
    on left: 5 6 7 8, on right: 3 4
expr (19)
    on left: 9 10 11 12 13 14 15, on right: 5 6 9 10 11 12 13 14


state 0

    0 $accept: . program $end

    error  shift, and go to state 1
    PRINT  shift, and go to state 2
    INT    shift, and go to state 3
    '-'    shift, and go to state 4
    '('    shift, and go to state 5

    program    go to state 6
    stmt_list  go to state 7
    stmt       go to state 8
    expr       go to state 9


state 1

    2 program: error .

    $default  reduce using rule 2 (program)


state 2

    6 stmt: PRINT . expr ';'
    7     | PRINT . STRING ';'
    8     | PRINT . NEWLINE ';'

    NEWLINE  shift, and go to state 10
    STRING   shift, and go to state 11
    INT      shift, and go to state 3
    '-'      shift, and go to state 4
    '('      shift, and go to state 5

    expr  go to state 12


state 3

   15 expr: INT .

    $default  reduce using rule 15 (expr)


state 4

   14 expr: '-' . expr

    INT  shift, and go to state 3
    '-'  shift, and go to state 4
    '('  shift, and go to state 5

    expr  go to state 13


state 5

    9 expr: '(' . expr ')'

    INT  shift, and go to state 3
    '-'  shift, and go to state 4
    '('  shift, and go to state 5

    expr  go to state 14


state 6

    0 $accept: program . $end

    $end  shift, and go to state 15


state 7

    1 program: stmt_list .
    3 stmt_list: stmt_list . stmt

    PRINT  shift, and go to state 2
    INT    shift, and go to state 3
    '-'    shift, and go to state 4
    '('    shift, and go to state 5

    $default  reduce using rule 1 (program)

    stmt  go to state 16
    expr  go to state 9


state 8

    4 stmt_list: stmt .

    $default  reduce using rule 4 (stmt_list)


state 9

    5 stmt: expr . ';'
   10 expr: expr . '+' expr
   11     | expr . '-' expr
   12     | expr . '*' expr
   13     | expr . '/' expr

    '+'  shift, and go to state 17
    '-'  shift, and go to state 18
    '*'  shift, and go to state 19
    '/'  shift, and go to state 20
    ';'  shift, and go to state 21


state 10

    8 stmt: PRINT NEWLINE . ';'

    ';'  shift, and go to state 22


state 11

    7 stmt: PRINT STRING . ';'

    ';'  shift, and go to state 23


state 12

    6 stmt: PRINT expr . ';'
   10 expr: expr . '+' expr
   11     | expr . '-' expr
   12     | expr . '*' expr
   13     | expr . '/' expr

    '+'  shift, and go to state 17
    '-'  shift, and go to state 18
    '*'  shift, and go to state 19
    '/'  shift, and go to state 20
    ';'  shift, and go to state 24


state 13

   10 expr: expr . '+' expr
   11     | expr . '-' expr
   12     | expr . '*' expr
   13     | expr . '/' expr
   14     | '-' expr .

    $default  reduce using rule 14 (expr)


state 14

    9 expr: '(' expr . ')'
   10     | expr . '+' expr
   11     | expr . '-' expr
   12     | expr . '*' expr
   13     | expr . '/' expr

    '+'  shift, and go to state 17
    '-'  shift, and go to state 18
    '*'  shift, and go to state 19
    '/'  shift, and go to state 20
    ')'  shift, and go to state 25


state 15

    0 $accept: program $end .

    $default  accept


state 16

    3 stmt_list: stmt_list stmt .

    $default  reduce using rule 3 (stmt_list)


state 17

   10 expr: expr '+' . expr

    INT  shift, and go to state 3
    '-'  shift, and go to state 4
    '('  shift, and go to state 5

    expr  go to state 26


state 18

   11 expr: expr '-' . expr

    INT  shift, and go to state 3
    '-'  shift, and go to state 4
    '('  shift, and go to state 5

    expr  go to state 27


state 19

   12 expr: expr '*' . expr

    INT  shift, and go to state 3
    '-'  shift, and go to state 4
    '('  shift, and go to state 5

    expr  go to state 28


state 20

   13 expr: expr '/' . expr

    INT  shift, and go to state 3
    '-'  shift, and go to state 4
    '('  shift, and go to state 5

    expr  go to state 29


state 21

    5 stmt: expr ';' .

    $default  reduce using rule 5 (stmt)


state 22

    8 stmt: PRINT NEWLINE ';' .

    $default  reduce using rule 8 (stmt)


state 23

    7 stmt: PRINT STRING ';' .

    $default  reduce using rule 7 (stmt)


state 24

    6 stmt: PRINT expr ';' .

    $default  reduce using rule 6 (stmt)


state 25

    9 expr: '(' expr ')' .

    $default  reduce using rule 9 (expr)


state 26

   10 expr: expr . '+' expr
   10     | expr '+' expr .
   11     | expr . '-' expr
   12     | expr . '*' expr
   13     | expr . '/' expr

    '*'  shift, and go to state 19
    '/'  shift, and go to state 20

    $default  reduce using rule 10 (expr)


state 27

   10 expr: expr . '+' expr
   11     | expr . '-' expr
   11     | expr '-' expr .
   12     | expr . '*' expr
   13     | expr . '/' expr

    '*'  shift, and go to state 19
    '/'  shift, and go to state 20

    $default  reduce using rule 11 (expr)


state 28

   10 expr: expr . '+' expr
   11     | expr . '-' expr
   12     | expr . '*' expr
   12     | expr '*' expr .
   13     | expr . '/' expr

    $default  reduce using rule 12 (expr)


state 29

   10 expr: expr . '+' expr
   11     | expr . '-' expr
   12     | expr . '*' expr
   13     | expr . '/' expr
   13     | expr '/' expr .

    $default  reduce using rule 13 (expr)
